<?xml version="1.0" encoding="UTF-8"?>
<!-- Generated by org.testng.reporters.JUnitReportReporter -->
<testsuite skipped="0" hostname="DESKTOP-62NCO35" name="com.netbanking.TestCases.TC_Add_New_Customer_003" tests="2" failures="0" timestamp="2021-03-10T15:52:06 PST" time="44.056" errors="0">
  <testcase name="login" time="42.609" classname="com.netbanking.TestCases.TC_Add_New_Customer_003"/>
  <system-out/>
  <testcase name="validation" time="1.447" classname="com.netbanking.TestCases.TC_Add_New_Customer_003"/>
  <system-out/>
</testsuite> <!-- com.netbanking.TestCases.TC_Add_New_Customer_003 -->
