<?xml version="1.0" encoding="UTF-8"?>
<!-- Generated by org.testng.reporters.JUnitReportReporter -->
<testsuite skipped="0" hostname="DESKTOP-62NCO35" name="com.netbanking.TestCases.TC_Delete_Customer_004" tests="1" failures="0" timestamp="2021-03-10T16:01:37 PST" time="21.021" errors="0">
  <testcase name="login" time="21.021" classname="com.netbanking.TestCases.TC_Delete_Customer_004"/>
  <system-out/>
</testsuite> <!-- com.netbanking.TestCases.TC_Delete_Customer_004 -->
