<?xml version="1.0" encoding="UTF-8"?>
<!-- Generated by org.testng.reporters.JUnitReportReporter -->
<testsuite skipped="0" hostname="DESKTOP-62NCO35" name="com.netbanking.TestCases.TC_LoginTest_001" tests="1" failures="0" timestamp="2021-03-06T19:59:41 PST" time="3.716" errors="0">
  <testcase name="loginTest" time="3.716" classname="com.netbanking.TestCases.TC_LoginTest_001"/>
  <system-out/>
</testsuite> <!-- com.netbanking.TestCases.TC_LoginTest_001 -->
